2021-02-10 01:11:33,974 :INFO : TestLogin :Actual title matches expected title, hence Test case passed
2021-02-10 01:11:34,036 :INFO : TestLogin :Actual welcome message matches expected welcome message, hence Test case passed
2021-02-10 01:15:39,823 :INFO : TestHomePage :Expected title is same as Actual Title, hence test case passed
2021-02-10 01:15:39,897 :INFO : TestHomePage :Expected logged in user is same as Actual logged in user, hence passed
2021-02-10 01:15:40,027 :INFO : TestHomePage :Logout link is present , hence Test case passed
2021-02-10 01:15:48,373 :INFO : TestLogin :Actual title matches expected title, hence Test case passed
2021-02-10 01:15:48,476 :INFO : TestLogin :Actual welcome message matches expected welcome message, hence Test case passed
2021-02-11 19:34:50,536 :INFO : TestLogin :Actual title matches expected title, hence Test case passed
2021-02-11 19:34:50,626 :INFO : TestLogin :Actual welcome message matches expected welcome message, hence Test case passed
2021-02-14 21:22:37,512 :INFO : TestLogin :Actual title matches expected title, hence Test case passed
2021-02-14 21:22:37,578 :INFO : TestLogin :Actual welcome message matches expected welcome message, hence Test case passed
2021-02-15 00:37:19,450 :INFO : TestLogin :Actual title matches expected title, hence Test case passed
2021-02-15 00:37:19,501 :INFO : TestLogin :Actual welcome message matches expected welcome message, hence Test case passed
2021-02-15 00:37:50,223 :INFO : TestHomePage :Expected title is same as Actual Title, hence test case passed
2021-02-15 00:37:50,278 :INFO : TestHomePage :Expected logged in user is same as Actual logged in user, hence passed
2021-02-15 00:37:50,353 :INFO : TestHomePage :Logout link is present , hence Test case passed
2021-02-15 00:37:57,282 :INFO : TestLogin :Actual title matches expected title, hence Test case passed
2021-02-15 00:37:57,341 :INFO : TestLogin :Actual welcome message matches expected welcome message, hence Test case passed
2021-02-15 00:56:45,903 :INFO : TestLogin :Actual title matches expected title, hence Test case passed
2021-02-15 00:56:45,947 :INFO : TestLogin :Actual welcome message matches expected welcome message, hence Test case passed
